<?xml version="1.0" encoding="UTF-8"?>
<!-- Generated by org.testng.reporters.JUnitReportReporter -->
<testsuite hostname="DESKTOP-GJTBUO2" failures="0" tests="10" name="runners.TestRunner" time="1661.327" errors="0" timestamp="2026-05-31T22:59:34 IST" skipped="0">
  <testcase classname="runners.TestRunner" name="runScenario" time="180.011"/>
  <testcase classname="runners.TestRunner" name="runScenario" time="184.847"/>
  <testcase classname="runners.TestRunner" name="runScenario" time="162.104"/>
  <testcase classname="runners.TestRunner" name="runScenario" time="148.892"/>
  <testcase classname="runners.TestRunner" name="runScenario" time="148.907"/>
  <testcase classname="runners.TestRunner" name="runScenario" time="197.925"/>
  <testcase classname="runners.TestRunner" name="runScenario" time="177.961"/>
  <testcase classname="runners.TestRunner" name="runScenario" time="154.938"/>
  <testcase classname="runners.TestRunner" name="runScenario" time="148.926"/>
  <testcase classname="runners.TestRunner" name="runScenario" time="156.816"/>
</testsuite> <!-- runners.TestRunner -->
